<?xml version="1.0" encoding="UTF-8"?>
<!-- Generated by org.testng.reporters.JUnitReportReporter -->
<testsuite hostname="DESKTOP-VL08VGE" failures="0" tests="1" name="com.inetbanking.testbase.TestBase" time="17.815" errors="0" timestamp="2023-03-11T23:28:36 IST" skipped="0">
  <testcase classname="com.inetbanking.testbase.TestBase" name="loginTC" time="17.815"/>
  <system-out/>
</testsuite> <!-- com.inetbanking.testbase.TestBase -->
